[[1;34mINFO[m] Scanning for projects...
[[1;34mINFO[m] 
[[1;34mINFO[m] [1m--------------------< [0;36mcom.kafka:notificationServer[0;1m >--------------------[m
[[1;34mINFO[m] [1mBuilding  0.0.1-SNAPSHOT[m
[[1;34mINFO[m] [1m--------------------------------[ jar ]---------------------------------[m
[[1;34mINFO[m] 
[[1;34mINFO[m] [1m>>> [0;32mspring-boot-maven-plugin:4.0.6:run[m [1m(default-cli)[0;1m > [0;1mtest-compile[m @ [36mnotificationServer[0;1m >>>[m
[[1;34mINFO[m] 
[[1;34mINFO[m] [1m--- [0;32mmaven-resources-plugin:3.3.1:resources[m [1m(default-resources)[m @ [36mnotificationServer[0;1m ---[m
[[1;34mINFO[m] Copying 1 resource from src/main/resources to target/classes
[[1;34mINFO[m] Copying 0 resource from src/main/resources to target/classes
[[1;34mINFO[m] 
[[1;34mINFO[m] [1m--- [0;32mmaven-compiler-plugin:3.14.1:compile[m [1m(default-compile)[m @ [36mnotificationServer[0;1m ---[m
[[1;34mINFO[m] Nothing to compile - all classes are up to date.
[[1;34mINFO[m] 
[[1;34mINFO[m] [1m--- [0;32mmaven-resources-plugin:3.3.1:testResources[m [1m(default-testResources)[m @ [36mnotificationServer[0;1m ---[m
[[1;34mINFO[m] skip non existing resourceDirectory /home/ranjith/notificationServer/src/test/resources
[[1;34mINFO[m] 
[[1;34mINFO[m] [1m--- [0;32mmaven-compiler-plugin:3.14.1:testCompile[m [1m(default-testCompile)[m @ [36mnotificationServer[0;1m ---[m
[[1;34mINFO[m] Nothing to compile - all classes are up to date.
[[1;34mINFO[m] 
[[1;34mINFO[m] [1m<<< [0;32mspring-boot-maven-plugin:4.0.6:run[m [1m(default-cli)[0;1m < [0;1mtest-compile[m @ [36mnotificationServer[0;1m <<<[m
[[1;34mINFO[m] 
[[1;34mINFO[m] 
[[1;34mINFO[m] [1m--- [0;32mspring-boot-maven-plugin:4.0.6:run[m [1m(default-cli)[m @ [36mnotificationServer[0;1m ---[m
[[1;34mINFO[m] Attaching agents: []

  .   ____          _            __ _ _
 /\\ / ___'_ __ _ _(_)_ __  __ _ \ \ \ \
( ( )\___ | '_ | '_| | '_ \/ _` | \ \ \ \
 \\/  ___)| |_)| | | | | || (_| |  ) ) ) )
  '  |____| .__|_| |_|_| |_\__, | / / / /
 =========|_|==============|___/=/_/_/_/

 :: Spring Boot ::                (v4.0.6)

2026-05-03T22:11:42.429+05:30  INFO 23054 --- [notification-server] [           main] c.k.n.NotificationServerApplication      : Starting NotificationServerApplication using Java 21.0.10 with PID 23054 (/home/ranjith/notificationServer/target/classes started by ranjith in /home/ranjith/notificationServer)
2026-05-03T22:11:42.440+05:30  INFO 23054 --- [notification-server] [           main] c.k.n.NotificationServerApplication      : No active profile set, falling back to 1 default profile: "default"
2026-05-03T22:11:43.180+05:30  INFO 23054 --- [notification-server] [           main] o.s.boot.tomcat.TomcatWebServer          : Tomcat initialized with port 8083 (http)
2026-05-03T22:11:43.189+05:30  INFO 23054 --- [notification-server] [           main] o.apache.catalina.core.StandardService   : Starting service [Tomcat]
2026-05-03T22:11:43.189+05:30  INFO 23054 --- [notification-server] [           main] o.apache.catalina.core.StandardEngine    : Starting Servlet engine: [Apache Tomcat/11.0.21]
2026-05-03T22:11:43.226+05:30  INFO 23054 --- [notification-server] [           main] b.w.c.s.WebApplicationContextInitializer : Root WebApplicationContext: initialization completed in 716 ms
2026-05-03T22:11:43.677+05:30  INFO 23054 --- [notification-server] [           main] o.s.b.a.e.web.EndpointLinksResolver      : Exposing 2 endpoints beneath base path '/actuator'
2026-05-03T22:11:43.717+05:30  INFO 23054 --- [notification-server] [           main] o.s.boot.tomcat.TomcatWebServer          : Tomcat started on port 8083 (http) with context path '/'
2026-05-03T22:11:43.723+05:30  INFO 23054 --- [notification-server] [           main] c.k.n.NotificationServerApplication      : Started NotificationServerApplication in 1.735 seconds (process running for 1.947)
2026-05-03T22:12:41.915+05:30  INFO 23054 --- [notification-server] [ionShutdownHook] o.s.boot.tomcat.GracefulShutdown         : Commencing graceful shutdown. Waiting for active requests to complete
2026-05-03T22:12:41.927+05:30  INFO 23054 --- [notification-server] [tomcat-shutdown] o.s.boot.tomcat.GracefulShutdown         : Graceful shutdown complete
[[1;34mINFO[m] [1m------------------------------------------------------------------------[m
[[1;34mINFO[m] [1;32mBUILD SUCCESS[m
[[1;34mINFO[m] [1m------------------------------------------------------------------------[m
[[1;34mINFO[m] Total time:  01:01 min
[[1;34mINFO[m] Finished at: 2026-05-03T22:12:41+05:30
[[1;34mINFO[m] [1m------------------------------------------------------------------------[m
